[23May2021 18:34:45.165] [main/INFO] [cpw.mods.modlauncher.Launcher/MODLAUNCHER]: ModLauncher running: args [--gameDir, ., --launchTarget, fmluserdevclient, --fml.mcpVersion, 20200625.160719, --fml.mcVersion, 1.16.1, --fml.forgeGroup, net.minecraftforge, --fml.forgeVersion, 32.0.63, --version, MOD_DEV, --assetIndex, 1.16, --assetsDir, /Users/javiertan/.gradle/caches/forge_gradle/assets, --username, Dev, --accessToken, ❄❄❄❄❄❄❄❄, --userProperties, {}]
[23May2021 18:34:45.182] [main/INFO] [cpw.mods.modlauncher.Launcher/MODLAUNCHER]: ModLauncher 5.1.2+70+master.2845bb9 starting: java version 15.0.1 by Oracle Corporation
[23May2021 18:34:45.598] [main/INFO] [net.minecraftforge.fml.loading.FixSSL/CORE]: Added Lets Encrypt root certificates as additional trust
[23May2021 18:34:45.889] [main/INFO] [STDERR/]: [org.lwjgl.glfw.GLFWErrorCallback$1:invoke:105]: 	Description : Cocoa: Failed to find service port for display
[23May2021 18:34:45.892] [main/INFO] [STDERR/]: [org.lwjgl.glfw.GLFWErrorCallback$1:invoke:106]: 	Stacktrace  :
[23May2021 18:34:45.893] [main/INFO] [STDERR/]: [org.lwjgl.glfw.GLFWErrorCallback$1:invoke:110]: org.lwjgl.glfw.GLFW.glfwInit(GLFW.java:827)
[23May2021 18:34:45.902] [main/INFO] [STDERR/]: [org.lwjgl.glfw.GLFWErrorCallback$1:invoke:110]: net.minecraftforge.fml.loading.progress.ClientVisualization.initWindow(ClientVisualization.java:66)
[23May2021 18:34:45.902] [main/INFO] [STDERR/]: [org.lwjgl.glfw.GLFWErrorCallback$1:invoke:110]: net.minecraftforge.fml.loading.progress.ClientVisualization.start(ClientVisualization.java:287)
[23May2021 18:34:45.902] [main/INFO] [STDERR/]: [org.lwjgl.glfw.GLFWErrorCallback$1:invoke:110]: net.minecraftforge.fml.loading.progress.EarlyProgressVisualization.accept(EarlyProgressVisualization.java:36)
[23May2021 18:34:45.903] [main/INFO] [STDERR/]: [org.lwjgl.glfw.GLFWErrorCallback$1:invoke:110]: net.minecraftforge.fml.loading.FMLLoader.setupLaunchHandler(FMLLoader.java:186)
[23May2021 18:34:45.903] [main/INFO] [STDERR/]: [org.lwjgl.glfw.GLFWErrorCallback$1:invoke:110]: net.minecraftforge.fml.loading.FMLServiceProvider.initialize(FMLServiceProvider.java:94)
[23May2021 18:34:45.904] [main/INFO] [STDERR/]: [org.lwjgl.glfw.GLFWErrorCallback$1:invoke:110]: cpw.mods.modlauncher.TransformationServiceDecorator.onInitialize(TransformationServiceDecorator.java:68)
[23May2021 18:34:45.904] [main/INFO] [STDERR/]: [org.lwjgl.glfw.GLFWErrorCallback$1:invoke:110]: cpw.mods.modlauncher.TransformationServicesHandler.lambda$initialiseTransformationServices$7(TransformationServicesHandler.java:107)
[23May2021 18:34:45.904] [main/INFO] [STDERR/]: [org.lwjgl.glfw.GLFWErrorCallback$1:invoke:110]: java.base/java.util.HashMap$Values.forEach(HashMap.java:1067)
[23May2021 18:34:45.905] [main/INFO] [STDERR/]: [org.lwjgl.glfw.GLFWErrorCallback$1:invoke:110]: cpw.mods.modlauncher.TransformationServicesHandler.initialiseTransformationServices(TransformationServicesHandler.java:107)
[23May2021 18:34:45.907] [main/INFO] [STDERR/]: [org.lwjgl.glfw.GLFWErrorCallback$1:invoke:110]: cpw.mods.modlauncher.TransformationServicesHandler.initializeTransformationServices(TransformationServicesHandler.java:59)
[23May2021 18:34:45.907] [main/INFO] [STDERR/]: [org.lwjgl.glfw.GLFWErrorCallback$1:invoke:110]: cpw.mods.modlauncher.Launcher.run(Launcher.java:75)
[23May2021 18:34:45.907] [main/INFO] [STDERR/]: [org.lwjgl.glfw.GLFWErrorCallback$1:invoke:110]: cpw.mods.modlauncher.Launcher.main(Launcher.java:65)
[23May2021 18:34:45.908] [main/INFO] [STDERR/]: [org.lwjgl.glfw.GLFWErrorCallback$1:invoke:110]: net.minecraftforge.userdev.LaunchTesting.main(LaunchTesting.java:105)
[23May2021 18:34:46.766] [main/INFO] [STDERR/]: [java.lang.ThreadGroup:uncaughtException:1048]: java.lang.NoClassDefFoundError: jdk/nashorn/api/scripting/NashornScriptEngineFactory
[23May2021 18:34:46.771] [main/INFO] [STDERR/]: [java.lang.ThreadGroup:uncaughtException:1048]: 	at net.minecraftforge.coremod.CoreModEngine.loadCoreMod(CoreModEngine.java:48)
[23May2021 18:34:46.771] [main/INFO] [STDERR/]: [java.lang.ThreadGroup:uncaughtException:1048]: 	at net.minecraftforge.coremod.CoreModProvider.addCoreMod(CoreModProvider.java:12)
[23May2021 18:34:46.771] [main/INFO] [STDERR/]: [java.lang.ThreadGroup:uncaughtException:1048]: 	at java.base/java.util.stream.ForEachOps$ForEachOp$OfRef.accept(ForEachOps.java:183)
[23May2021 18:34:46.771] [main/INFO] [STDERR/]: [java.lang.ThreadGroup:uncaughtException:1048]: 	at java.base/java.util.ArrayList$ArrayListSpliterator.forEachRemaining(ArrayList.java:1625)
[23May2021 18:34:46.771] [main/INFO] [STDERR/]: [java.lang.ThreadGroup:uncaughtException:1048]: 	at java.base/java.util.stream.ReferencePipeline$Head.forEach(ReferencePipeline.java:658)
[23May2021 18:34:46.773] [main/INFO] [STDERR/]: [java.lang.ThreadGroup:uncaughtException:1048]: 	at java.base/java.util.stream.ReferencePipeline$7$1.accept(ReferencePipeline.java:274)
[23May2021 18:34:46.774] [main/INFO] [STDERR/]: [java.lang.ThreadGroup:uncaughtException:1048]: 	at java.base/java.util.stream.ReferencePipeline$3$1.accept(ReferencePipeline.java:195)
[23May2021 18:34:46.775] [main/INFO] [STDERR/]: [java.lang.ThreadGroup:uncaughtException:1048]: 	at java.base/java.util.stream.ReferencePipeline$3$1.accept(ReferencePipeline.java:195)
[23May2021 18:34:46.775] [main/INFO] [STDERR/]: [java.lang.ThreadGroup:uncaughtException:1048]: 	at java.base/java.util.ArrayList$ArrayListSpliterator.forEachRemaining(ArrayList.java:1625)
[23May2021 18:34:46.775] [main/INFO] [STDERR/]: [java.lang.ThreadGroup:uncaughtException:1048]: 	at java.base/java.util.stream.AbstractPipeline.copyInto(AbstractPipeline.java:484)
[23May2021 18:34:46.775] [main/INFO] [STDERR/]: [java.lang.ThreadGroup:uncaughtException:1048]: 	at java.base/java.util.stream.AbstractPipeline.wrapAndCopyInto(AbstractPipeline.java:474)
[23May2021 18:34:46.775] [main/INFO] [STDERR/]: [java.lang.ThreadGroup:uncaughtException:1048]: 	at java.base/java.util.stream.ForEachOps$ForEachOp.evaluateSequential(ForEachOps.java:150)
[23May2021 18:34:46.775] [main/INFO] [STDERR/]: [java.lang.ThreadGroup:uncaughtException:1048]: 	at java.base/java.util.stream.ForEachOps$ForEachOp$OfRef.evaluateSequential(ForEachOps.java:173)
[23May2021 18:34:46.775] [main/INFO] [STDERR/]: [java.lang.ThreadGroup:uncaughtException:1048]: 	at java.base/java.util.stream.AbstractPipeline.evaluate(AbstractPipeline.java:234)
[23May2021 18:34:46.775] [main/INFO] [STDERR/]: [java.lang.ThreadGroup:uncaughtException:1048]: 	at java.base/java.util.stream.ReferencePipeline.forEach(ReferencePipeline.java:497)
[23May2021 18:34:46.775] [main/INFO] [STDERR/]: [java.lang.ThreadGroup:uncaughtException:1048]: 	at net.minecraftforge.fml.loading.LoadingModList.addCoreMods(LoadingModList.java:88)
[23May2021 18:34:46.775] [main/INFO] [STDERR/]: [java.lang.ThreadGroup:uncaughtException:1048]: 	at net.minecraftforge.fml.loading.moddiscovery.ModDiscoverer.discoverMods(ModDiscoverer.java:125)
[23May2021 18:34:46.775] [main/INFO] [STDERR/]: [java.lang.ThreadGroup:uncaughtException:1048]: 	at net.minecraftforge.fml.loading.FMLLoader.beginModScan(FMLLoader.java:213)
[23May2021 18:34:46.775] [main/INFO] [STDERR/]: [java.lang.ThreadGroup:uncaughtException:1048]: 	at net.minecraftforge.fml.loading.FMLServiceProvider.runScan(FMLServiceProvider.java:107)
[23May2021 18:34:46.776] [main/INFO] [STDERR/]: [java.lang.ThreadGroup:uncaughtException:1048]: 	at cpw.mods.modlauncher.TransformationServiceDecorator.runScan(TransformationServiceDecorator.java:111)
[23May2021 18:34:46.776] [main/INFO] [STDERR/]: [java.lang.ThreadGroup:uncaughtException:1048]: 	at cpw.mods.modlauncher.TransformationServicesHandler.lambda$runScanningTransformationServices$8(TransformationServicesHandler.java:115)
[23May2021 18:34:46.778] [main/INFO] [STDERR/]: [java.lang.ThreadGroup:uncaughtException:1048]: 	at java.base/java.util.stream.ReferencePipeline$7$1.accept(ReferencePipeline.java:271)
[23May2021 18:34:46.779] [main/INFO] [STDERR/]: [java.lang.ThreadGroup:uncaughtException:1048]: 	at java.base/java.util.HashMap$ValueSpliterator.forEachRemaining(HashMap.java:1766)
[23May2021 18:34:46.779] [main/INFO] [STDERR/]: [java.lang.ThreadGroup:uncaughtException:1048]: 	at java.base/java.util.stream.AbstractPipeline.copyInto(AbstractPipeline.java:484)
[23May2021 18:34:46.779] [main/INFO] [STDERR/]: [java.lang.ThreadGroup:uncaughtException:1048]: 	at java.base/java.util.stream.AbstractPipeline.wrapAndCopyInto(AbstractPipeline.java:474)
[23May2021 18:34:46.779] [main/INFO] [STDERR/]: [java.lang.ThreadGroup:uncaughtException:1048]: 	at java.base/java.util.stream.ReduceOps$ReduceOp.evaluateSequential(ReduceOps.java:913)
[23May2021 18:34:46.779] [main/INFO] [STDERR/]: [java.lang.ThreadGroup:uncaughtException:1048]: 	at java.base/java.util.stream.AbstractPipeline.evaluate(AbstractPipeline.java:234)
[23May2021 18:34:46.779] [main/INFO] [STDERR/]: [java.lang.ThreadGroup:uncaughtException:1048]: 	at java.base/java.util.stream.ReferencePipeline.collect(ReferencePipeline.java:578)
[23May2021 18:34:46.779] [main/INFO] [STDERR/]: [java.lang.ThreadGroup:uncaughtException:1048]: 	at cpw.mods.modlauncher.TransformationServicesHandler.runScanningTransformationServices(TransformationServicesHandler.java:116)
[23May2021 18:34:46.779] [main/INFO] [STDERR/]: [java.lang.ThreadGroup:uncaughtException:1048]: 	at cpw.mods.modlauncher.TransformationServicesHandler.initializeTransformationServices(TransformationServicesHandler.java:63)
[23May2021 18:34:46.779] [main/INFO] [STDERR/]: [java.lang.ThreadGroup:uncaughtException:1048]: 	at cpw.mods.modlauncher.Launcher.run(Launcher.java:75)
[23May2021 18:34:46.779] [main/INFO] [STDERR/]: [java.lang.ThreadGroup:uncaughtException:1048]: 	at cpw.mods.modlauncher.Launcher.main(Launcher.java:65)
[23May2021 18:34:46.779] [main/INFO] [STDERR/]: [java.lang.ThreadGroup:uncaughtException:1048]: 	at net.minecraftforge.userdev.LaunchTesting.main(LaunchTesting.java:105)
[23May2021 18:34:46.780] [main/INFO] [STDERR/]: [java.lang.ThreadGroup:uncaughtException:1057]: Caused by: java.lang.ClassNotFoundException: jdk.nashorn.api.scripting.NashornScriptEngineFactory
[23May2021 18:34:46.781] [main/INFO] [STDERR/]: [java.lang.ThreadGroup:uncaughtException:1057]: 	at java.base/jdk.internal.loader.BuiltinClassLoader.loadClass(BuiltinClassLoader.java:606)
[23May2021 18:34:46.781] [main/INFO] [STDERR/]: [java.lang.ThreadGroup:uncaughtException:1057]: 	at java.base/jdk.internal.loader.ClassLoaders$AppClassLoader.loadClass(ClassLoaders.java:168)
[23May2021 18:34:46.781] [main/INFO] [STDERR/]: [java.lang.ThreadGroup:uncaughtException:1057]: 	at java.base/java.lang.ClassLoader.loadClass(ClassLoader.java:522)
[23May2021 18:34:46.781] [main/INFO] [STDERR/]: [java.lang.ThreadGroup:uncaughtException:1057]: 	... 33 more
